<?xml version="1.0" encoding="UTF-8" ?>
<testsuite tests="1" failures="0" name="com.allen.dao.UserDaoTest" time="0.451" errors="0" skipped="0">
  <properties>
    <property name="java.runtime.name" value="Java(TM) SE Runtime Environment"/>
    <property name="java.vm.version" value="12.0.1+12"/>
    <property name="sun.boot.library.path" value="D:\JDK12.0.1\bin"/>
    <property name="maven.multiModuleProjectDirectory" value="D:\IJ2019WORKSPACE\MybatisTest\mybatis-01"/>
    <property name="java.vm.vendor" value="Oracle Corporation"/>
    <property name="java.vendor.url" value="https://java.oracle.com/"/>
    <property name="guice.disable.misplaced.annotation.check" value="true"/>
    <property name="path.separator" value=";"/>
    <property name="java.vm.name" value="Java HotSpot(TM) 64-Bit Server VM"/>
    <property name="sun.os.patch.level" value=""/>
    <property name="user.script" value=""/>
    <property name="user.country" value="CN"/>
    <property name="sun.java.launcher" value="SUN_STANDARD"/>
    <property name="java.vm.specification.name" value="Java Virtual Machine Specification"/>
    <property name="user.dir" value="D:\IJ2019WORKSPACE\MybatisTest\mybatis-01"/>
    <property name="java.vm.compressedOopsMode" value="32-bit"/>
    <property name="java.runtime.version" value="12.0.1+12"/>
    <property name="java.awt.graphicsenv" value="sun.awt.Win32GraphicsEnvironment"/>
    <property name="os.arch" value="amd64"/>
    <property name="java.io.tmpdir" value="C:\Users\Allen\AppData\Local\Temp\"/>
    <property name="line.separator" value="
"/>
    <property name="java.vm.specification.vendor" value="Oracle Corporation"/>
    <property name="user.variant" value=""/>
    <property name="os.name" value="Windows 10"/>
    <property name="maven.ext.class.path" value="D:\IJ2019\IntelliJ IDEA 2019.2\plugins\maven\lib\maven-event-listener.jar"/>
    <property name="archetypeCatalog" value="internal"/>
    <property name="classworlds.conf" value="D:\apache-maven-3.5.4\bin\m2.conf"/>
    <property name="sun.jnu.encoding" value="GBK"/>
    <property name="java.library.path" value="D:\JDK12.0.1\bin;C:\WINDOWS\Sun\Java\bin;C:\WINDOWS\system32;C:\WINDOWS;D:\IJ2019\IntelliJ IDEA 2019.2\jbr\\bin;D:\IJ2019\IntelliJ IDEA 2019.2\jbr\\bin\server;D:\IJ2019\IntelliJ IDEA 2019.2\jbr\\bin;D:\IJ2019\IntelliJ IDEA 2019.2\jbr\\bin\server;D:\gurobi903\win64\bin;C:\Python39\Scripts\;C:\Python39\;D:\CPLEX_Studio_Community1210\opl\bin\x64_win64;D:\CPLEX_Studio_Community1210\opl\oplide\;D:\CPLEX_Studio_Community1210\cplex\bin\x64_win64;D:\CPLEX_Studio_Community1210\cpoptimizer\bin\x64_win64;C:\WINDOWS\system32;C:\WINDOWS;C:\WINDOWS\System32\Wbem;C:\WINDOWS\System32\WindowsPowerShell\v1.0\;C:\ProgramData\MySQL\MySQL Server 5.7BIN;%C:\ProgramData\MySql\MySql Server 5.7;D:\JDK12.0.1\bin;D:\JDK12.0.1\jre\bin;D:\Matlab R2019a\runtime\win64;D:\Matlab R2019a\bin;D:\Matlab R2019a\polyspace\bin;C:\WINDOWS\System32\OpenSSH\;D:\Matlab2017a\runtime\win64;D:\Matlab2017a\bin;D:\git\Git\cmd;D:\CTEX\UserData\miktex\bin;D:\CTEX\MiKTeX\miktex\bin;D:\CTEX\CTeX\ctex\bin;D:\CTEX\CTeX\cct\bin;D:\CTEX\CTeX\ty\bin;D:\CTEX\Ghostscript\gs9.05\bin;D:\CTEX\GSview\gsview;D:\CTEX\WinEdt;D:\nodejs\;C:\ProgramData\chocolatey\bin;D:\bandzip\;C:\Users\Allen\AppData\Local\Microsoft\WindowsApps;C:\Users\Allen\AppData\Local\GitHubDesktop\bin;D:\IJ2019\IntelliJ IDEA 2019.2\bin;;D:\git\Git\cmd;D:\git\Git\bin;D:\git\Git\mingw64\libexec\git-core;D:\git\Git\mingw64\bin;C:\Users\Allen\AppData\Roaming\npm;D:\WebStorm2020.2\bin;;."/>
    <property name="maven.conf" value="D:\apache-maven-3.5.4/conf"/>
    <property name="jdk.debug" value="release"/>
    <property name="java.class.version" value="56.0"/>
    <property name="java.specification.name" value="Java Platform API Specification"/>
    <property name="sun.management.compiler" value="HotSpot 64-Bit Tiered Compilers"/>
    <property name="maven.repo.local" value="D:\maven-repository"/>
    <property name="os.version" value="10.0"/>
    <property name="user.home" value="C:\Users\Allen"/>
    <property name="user.timezone" value="Asia/Shanghai"/>
    <property name="file.encoding" value="UTF-8"/>
    <property name="java.specification.version" value="12"/>
    <property name="user.name" value="Allen"/>
    <property name="java.class.path" value="D:\apache-maven-3.5.4\boot\plexus-classworlds-2.5.2.jar"/>
    <property name="java.vm.specification.version" value="12"/>
    <property name="sun.arch.data.model" value="64"/>
    <property name="sun.java.command" value="org.codehaus.classworlds.Launcher -Didea.version2019.2 -s D:\apache-maven-3.5.4\conf\settings.xml -Dmaven.repo.local=D:\maven-repository test"/>
    <property name="java.home" value="D:\JDK12.0.1"/>
    <property name="user.language" value="zh"/>
    <property name="java.specification.vendor" value="Oracle Corporation"/>
    <property name="awt.toolkit" value="sun.awt.windows.WToolkit"/>
    <property name="java.vm.info" value="mixed mode, sharing"/>
    <property name="java.version" value="12.0.1"/>
    <property name="java.vendor" value="Oracle Corporation"/>
    <property name="maven.home" value="D:\apache-maven-3.5.4"/>
    <property name="file.separator" value="\"/>
    <property name="java.version.date" value="2019-04-16"/>
    <property name="idea.version2019.2" value="true"/>
    <property name="java.vendor.url.bug" value="https://bugreport.java.com/bugreport/"/>
    <property name="sun.io.unicode.encoding" value="UnicodeLittle"/>
    <property name="sun.cpu.endian" value="little"/>
    <property name="sun.desktop" value="windows"/>
    <property name="sun.cpu.isalist" value="amd64"/>
  </properties>
  <testcase classname="com.allen.dao.UserDaoTest" name="test" time="0.451"/>
</testsuite>